Iniciando monitorización de llamadas al sistema para los procesos: 19396 y 19397
Proceso (19396) : son.bin read [Sat Jun  8 13:07:55 2024]
Proceso (19396) : son.bin write [Sat Jun  8 13:07:55 2024]
Proceso (19397) : son.bin read [Sat Jun  8 13:07:56 2024]
Proceso (19397) : son.bin write [Sat Jun  8 13:07:56 2024]
Proceso (19396) : son.bin read [Sat Jun  8 13:07:57 2024]
Proceso (19396) : son.bin write [Sat Jun  8 13:07:57 2024]
Proceso (19397) : son.bin read [Sat Jun  8 13:07:58 2024]
Proceso (19397) : son.bin write [Sat Jun  8 13:07:58 2024]
Proceso (19396) : son.bin openat [Sat Jun  8 13:07:59 2024]
Proceso (19396) : son.bin write [Sat Jun  8 13:07:59 2024]
Proceso (19397) : son.bin openat [Sat Jun  8 13:08:00 2024]
Proceso (19397) : son.bin write [Sat Jun  8 13:08:00 2024]
Proceso (19396) : son.bin write [Sat Jun  8 13:08:00 2024]
Proceso (19396) : son.bin write [Sat Jun  8 13:08:00 2024]
Proceso (19397) : son.bin write [Sat Jun  8 13:08:01 2024]
Proceso (19397) : son.bin write [Sat Jun  8 13:08:01 2024]
Proceso (19396) : son.bin write [Sat Jun  8 13:08:02 2024]
Proceso (19396) : son.bin write [Sat Jun  8 13:08:02 2024]
Proceso (19397) : son.bin write [Sat Jun  8 13:08:03 2024]
Proceso (19397) : son.bin write [Sat Jun  8 13:08:03 2024]
Proceso (19396) : son.bin write [Sat Jun  8 13:08:04 2024]
Proceso (19396) : son.bin write [Sat Jun  8 13:08:04 2024]
Proceso (19397) : son.bin write [Sat Jun  8 13:08:05 2024]
Proceso (19397) : son.bin write [Sat Jun  8 13:08:05 2024]
Terminando monitorización de llamadas al sistema
